<?xml version="1.0" encoding="UTF-8"?>
<!-- Generated by org.testng.reporters.JUnitReportReporter -->
<testsuite hostname="nitinSree" failures="0" tests="3" name="testCases.Standalone" time="60.316" errors="0" timestamp="2024-09-08T19:40:33 IST" skipped="0">
  <testcase classname="testCases.Standalone" name="submitOrder" time="19.543"/>
  <testcase classname="testCases.Standalone" name="orderHistoryTest" time="6.934"/>
  <testcase classname="testCases.Standalone" name="submitOrder" time="33.839"/>
</testsuite> <!-- testCases.Standalone -->
