<?xml version="1.0" encoding="UTF-8"?>
<!-- Generated by org.testng.reporters.JUnitReportReporter -->
<testsuite hostname="nitinSree" failures="0" tests="1" name="cucumber.TestNGTestRunner" time="6.936" errors="0" timestamp="2024-09-10T11:52:51 IST" skipped="0">
  <testcase classname="cucumber.TestNGTestRunner" name="runScenario" time="6.936"/>
</testsuite> <!-- cucumber.TestNGTestRunner -->
