<?xml version="1.0" encoding="UTF-8"?>
<!-- Generated by org.testng.reporters.JUnitReportReporter -->
<testsuite hostname="nitinSree" failures="0" tests="2" name="testCases.ErrorValidation" time="30.668" errors="0" timestamp="2024-09-08T22:30:54 IST" skipped="0">
  <testcase classname="testCases.ErrorValidation" name="productErrorValidation" time="23.766"/>
  <testcase classname="testCases.ErrorValidation" name="loginValidation" time="6.902"/>
</testsuite> <!-- testCases.ErrorValidation -->
