<?xml version="1.0" encoding="UTF-8"?>
<!-- Generated by org.testng.reporters.JUnitReportReporter -->
<testsuite hostname="nitinSree" failures="0" tests="1" name="cucumber.TestNGTestRunner" time="6.896" errors="0" timestamp="2024-09-10T12:32:53 IST" skipped="0">
  <testcase classname="cucumber.TestNGTestRunner" name="runScenario" time="6.896"/>
</testsuite> <!-- cucumber.TestNGTestRunner -->
