<?xml version="1.0" encoding="UTF-8"?>
<!-- Generated by org.testng.reporters.JUnitReportReporter -->
<testsuite hostname="nitinSree" failures="0" tests="3" name="testCases.Standalone" time="83.074" errors="0" timestamp="2024-09-08T23:33:26 IST" skipped="0">
  <testcase classname="testCases.Standalone" name="submitOrder" time="29.826"/>
  <testcase classname="testCases.Standalone" name="submitOrder" time="39.972"/>
  <testcase classname="testCases.Standalone" name="orderHistoryTest" time="13.276"/>
</testsuite> <!-- testCases.Standalone -->
