<?xml version="1.0" encoding="UTF-8"?>
<!-- Generated by org.testng.reporters.JUnitReportReporter -->
<testsuite hostname="nitinSree" failures="0" tests="2" name="testCases.ErrorValidation" time="44.165" errors="0" timestamp="2024-09-08T23:33:26 IST" skipped="0">
  <testcase classname="testCases.ErrorValidation" name="productErrorValidation" time="17.830"/>
  <testcase classname="testCases.ErrorValidation" name="loginValidation" time="26.335"/>
</testsuite> <!-- testCases.ErrorValidation -->
